[2018-04-18T11:22:11.825] [INFO] logInfo - ::1 - - "GET /favicon.ico HTTP/1.1" 500 1483 "http://localhost:3000/" "Mozilla/5.0 (Macintosh; Intel Mac OS X 10_13_4) AppleWebKit/537.36 (KHTML, like Gecko) Chrome/65.0.3325.181 Safari/537.36"
[2018-04-18T11:24:02.139] [INFO] logInfo - ::1 - - "GET /favicon.ico HTTP/1.1" 404 1547 "http://localhost:3000/" "Mozilla/5.0 (Macintosh; Intel Mac OS X 10_13_4) AppleWebKit/537.36 (KHTML, like Gecko) Chrome/65.0.3325.181 Safari/537.36"
[2018-04-18T21:40:13.741] [INFO] logInfo - ::1 - - "GET /robots.txt HTTP/1.1" 404 1547 "" "Mozilla/5.0 (Macintosh; Intel Mac OS X 10_13_4) AppleWebKit/537.36 (KHTML, like Gecko) Chrome/65.0.3325.181 Safari/537.36"
[2018-04-18T21:40:14.975] [INFO] logInfo - ::1 - - "GET /favicon.ico HTTP/1.1" 404 1547 "http://localhost:3000/" "Mozilla/5.0 (Macintosh; Intel Mac OS X 10_13_4) AppleWebKit/537.36 (KHTML, like Gecko) Chrome/65.0.3325.181 Safari/537.36"
[2018-04-18T21:48:24.802] [INFO] logInfo - ::1 - - "GET /some/url HTTP/1.1" 404 1547 "http://localhost:3000/" "Mozilla/5.0 (Macintosh; Intel Mac OS X 10_13_4) AppleWebKit/537.36 (KHTML, like Gecko) Chrome/65.0.3325.181 Safari/537.36"
[2018-04-18T22:16:37.157] [INFO] logInfo - ::1 - - "GET / HTTP/1.1" 404 1547 "" "Mozilla/5.0 (Macintosh; Intel Mac OS X 10_13_4) AppleWebKit/537.36 (KHTML, like Gecko) Chrome/65.0.3325.181 Safari/537.36"
[2018-04-18T22:16:54.724] [INFO] logInfo - ::1 - - "GET / HTTP/1.1" 404 1547 "" "Mozilla/5.0 (Macintosh; Intel Mac OS X 10_13_4) AppleWebKit/537.36 (KHTML, like Gecko) Chrome/65.0.3325.181 Safari/537.36"
[2018-04-18T22:17:35.028] [INFO] logInfo - ::1 - - "GET / HTTP/1.1" 404 1547 "" "Mozilla/5.0 (Macintosh; Intel Mac OS X 10_13_4) AppleWebKit/537.36 (KHTML, like Gecko) Chrome/65.0.3325.181 Safari/537.36"
[2018-04-18T22:19:32.761] [INFO] logInfo - ::1 - - "GET / HTTP/1.1" 404 1547 "" "Mozilla/5.0 (Macintosh; Intel Mac OS X 10_13_4) AppleWebKit/537.36 (KHTML, like Gecko) Chrome/65.0.3325.181 Safari/537.36"
[2018-04-18T22:20:05.164] [INFO] logInfo - ::1 - - "GET / HTTP/1.1" 404 1547 "" "Mozilla/5.0 (Macintosh; Intel Mac OS X 10_13_4) AppleWebKit/537.36 (KHTML, like Gecko) Chrome/65.0.3325.181 Safari/537.36"
[2018-04-18T22:20:08.046] [INFO] logInfo - ::1 - - "GET / HTTP/1.1" 404 1547 "" "Mozilla/5.0 (Macintosh; Intel Mac OS X 10_13_4) AppleWebKit/537.36 (KHTML, like Gecko) Chrome/65.0.3325.181 Safari/537.36"
[2018-04-18T22:20:25.727] [INFO] logInfo - ::1 - - "GET / HTTP/1.1" 404 1547 "" "Mozilla/5.0 (Macintosh; Intel Mac OS X 10_13_4) AppleWebKit/537.36 (KHTML, like Gecko) Chrome/65.0.3325.181 Safari/537.36"
[2018-04-18T22:20:27.531] [INFO] logInfo - ::1 - - "GET / HTTP/1.1" 404 1547 "" "Mozilla/5.0 (Macintosh; Intel Mac OS X 10_13_4) AppleWebKit/537.36 (KHTML, like Gecko) Chrome/65.0.3325.181 Safari/537.36"
[2018-04-18T22:20:28.277] [INFO] logInfo - ::1 - - "GET / HTTP/1.1" 404 1547 "" "Mozilla/5.0 (Macintosh; Intel Mac OS X 10_13_4) AppleWebKit/537.36 (KHTML, like Gecko) Chrome/65.0.3325.181 Safari/537.36"
[2018-04-18T22:20:28.309] [INFO] logInfo - ::1 - - "GET / HTTP/1.1" 404 1547 "" "Mozilla/5.0 (Macintosh; Intel Mac OS X 10_13_4) AppleWebKit/537.36 (KHTML, like Gecko) Chrome/65.0.3325.181 Safari/537.36"
[2018-04-18T22:20:29.177] [INFO] logInfo - ::1 - - "GET / HTTP/1.1" 404 1547 "" "Mozilla/5.0 (Macintosh; Intel Mac OS X 10_13_4) AppleWebKit/537.36 (KHTML, like Gecko) Chrome/65.0.3325.181 Safari/537.36"
[2018-04-18T22:20:29.189] [INFO] logInfo - ::1 - - "GET / HTTP/1.1" 404 1547 "" "Mozilla/5.0 (Macintosh; Intel Mac OS X 10_13_4) AppleWebKit/537.36 (KHTML, like Gecko) Chrome/65.0.3325.181 Safari/537.36"
[2018-04-18T22:20:34.640] [INFO] logInfo - ::1 - - "GET / HTTP/1.1" 404 1547 "" "Mozilla/5.0 (Macintosh; Intel Mac OS X 10_13_4) AppleWebKit/537.36 (KHTML, like Gecko) Chrome/65.0.3325.181 Safari/537.36"
[2018-04-18T22:21:53.540] [INFO] logInfo - ::1 - - "GET /some/url HTTP/1.1" 404 1547 "http://localhost:3000/" "Mozilla/5.0 (Macintosh; Intel Mac OS X 10_13_4) AppleWebKit/537.36 (KHTML, like Gecko) Chrome/65.0.3325.181 Safari/537.36"
[2018-04-18T22:22:05.904] [INFO] logInfo - ::1 - - "GET /some/url HTTP/1.1" 404 1547 "" "Mozilla/5.0 (Macintosh; Intel Mac OS X 10_13_4) AppleWebKit/537.36 (KHTML, like Gecko) Chrome/65.0.3325.181 Safari/537.36"
[2018-04-18T22:22:28.691] [INFO] logInfo - ::1 - - "GET /api HTTP/1.1" 404 1547 "http://localhost:3000/" "Mozilla/5.0 (Macintosh; Intel Mac OS X 10_13_4) AppleWebKit/537.36 (KHTML, like Gecko) Chrome/65.0.3325.181 Safari/537.36"
[2018-04-18T22:23:38.792] [INFO] logInfo - ::1 - - "GET /robots.txt HTTP/1.1" 404 1547 "" "Mozilla/5.0 (Macintosh; Intel Mac OS X 10_13_4) AppleWebKit/537.36 (KHTML, like Gecko) Chrome/65.0.3325.181 Safari/537.36"
[2018-04-18T22:28:38.970] [INFO] logInfo - ::1 - - "GET /api HTTP/1.1" 404 1547 "http://localhost:3000/" "Mozilla/5.0 (Macintosh; Intel Mac OS X 10_13_4) AppleWebKit/537.36 (KHTML, like Gecko) Chrome/65.0.3325.181 Safari/537.36"
[2018-04-18T22:29:31.575] [INFO] logInfo - ::1 - - "GET /api HTTP/1.1" 404 1547 "http://localhost:3000/" "Mozilla/5.0 (Macintosh; Intel Mac OS X 10_13_4) AppleWebKit/537.36 (KHTML, like Gecko) Chrome/65.0.3325.181 Safari/537.36"
[2018-04-18T22:30:00.374] [INFO] logInfo - ::1 - - "GET /api HTTP/1.1" 404 1547 "http://localhost:3000/" "Mozilla/5.0 (Macintosh; Intel Mac OS X 10_13_4) AppleWebKit/537.36 (KHTML, like Gecko) Chrome/65.0.3325.181 Safari/537.36"
[2018-04-18T22:30:10.818] [INFO] logInfo - ::1 - - "GET /robots.txt HTTP/1.1" 404 1547 "" "Mozilla/5.0 (Macintosh; Intel Mac OS X 10_13_4) AppleWebKit/537.36 (KHTML, like Gecko) Chrome/65.0.3325.181 Safari/537.36"
[2018-04-18T22:30:11.298] [INFO] logInfo - ::1 - - "GET /api HTTP/1.1" 404 1547 "http://localhost:3000/" "Mozilla/5.0 (Macintosh; Intel Mac OS X 10_13_4) AppleWebKit/537.36 (KHTML, like Gecko) Chrome/65.0.3325.181 Safari/537.36"
[2018-04-18T22:30:37.346] [INFO] logInfo - ::1 - - "GET /api HTTP/1.1" 404 142 "http://localhost:3000/" "Mozilla/5.0 (Macintosh; Intel Mac OS X 10_13_4) AppleWebKit/537.36 (KHTML, like Gecko) Chrome/65.0.3325.181 Safari/537.36"
[2018-04-18T22:32:01.666] [INFO] logInfo - ::1 - - "POST /api HTTP/1.1" 404 143 "http://localhost:3000/" "Mozilla/5.0 (Macintosh; Intel Mac OS X 10_13_4) AppleWebKit/537.36 (KHTML, like Gecko) Chrome/65.0.3325.181 Safari/537.36"
